#
# A fatal error has been detected by the Java Runtime Environment:
#
#  EXCEPTION_ACCESS_VIOLATION (0xc0000005) at pc=0x0000029647e71066, pid=11208, tid=0x0000000000002a64
#
# JRE version: OpenJDK Runtime Environment (8.0_265-b01) (build 1.8.0_265-b01)
# Java VM: OpenJDK 64-Bit Server VM (25.265-b01 mixed mode windows-amd64 compressed oops)
# Problematic frame:
# C  [OpenAL64.dll+0x11066]
#
# Failed to write core dump. Minidumps are not enabled by default on client versions of Windows
#
# If you would like to submit a bug report, please visit:
#   http://bugreport.java.com/bugreport/crash.jsp
# The crash happened outside the Java Virtual Machine in native code.
# See problematic frame for where to report the bug.
#

---------------  T H R E A D  ---------------

Current thread (0x000002962d1ad800):  JavaThread "main" [_thread_in_native, id=10852, stack(0x000000e075400000,0x000000e075500000)]

siginfo: ExceptionCode=0xc0000005, reading address 0x0000029645ea9004

Registers:
RAX=0x0000000000000004, RBX=0x0000029649480090, RCX=0x0000029645ea9008, RDX=0x0000029645ea9004
RSP=0x000000e0754fc330, RBP=0x00000000000000ff, RSI=0x0000029645ea8b9c, RDI=0x0000000000000000
R8 =0x000000000000011a, R9 =0x0000029645ea8b9c, R10=0x000002962ec79c62, R11=0x000000006f7cea10
R12=0x0000000000000001, R13=0x0000029647c7fce0, R14=0x000000e0754fc4d0, R15=0x000002962d1ad800
RIP=0x0000029647e71066, EFLAGS=0x0000000000010202

Top of Stack: (sp=0x000000e0754fc330)
0x000000e0754fc330:   0000000000000000 0000000000000000
0x000000e0754fc340:   0000000000000000 000002962d1ad800
0x000000e0754fc350:   000000e0754fc4d0 0000029647c7fce0
0x000000e0754fc360:   000002962d1ad800 000002962d19a510
0x000000e0754fc370:   0000029647c7fce0 0000000000000000
0x000000e0754fc380:   000002962d176e10 000000006f6695a5
0x000000e0754fc390:   000000e0754fcc60 000002962d1add80
0x000000e0754fc3a0:   000002962d1ad800 000000e0754fc4d0
0x000000e0754fc3b0:   0000029647c7fce0 0000000000000000
0x000000e0754fc3c0:   0000029645ea8b9c 0000000000000248
0x000000e0754fc3d0:   000000e0754fc498 0000029647e7248f
0x000000e0754fc3e0:   0000029649480090 0000029649480090
0x000000e0754fc3f0:   000000000000ac44 0000029600000004
0x000000e0754fc400:   000002962ec67bd0 000002962ec79c8e
0x000000e0754fc410:   0000029647c7fce0 000000e0754fc418
0x000000e0754fc420:   000002962ec67bd0 000002962ec7999b 

Instructions: (pc=0x0000029647e71066)
0x0000029647e71046:   41 2b ec 81 3a 03 00 02 00 75 09 8b 01 89 84 24
0x0000029647e71056:   c8 00 00 00 49 83 c0 02 48 83 c1 08 4a 8d 14 86
0x0000029647e71066:   39 3a 75 af 4c 8d 84 24 c0 00 00 00 48 8d 15 d7
0x0000029647e71076:   2b 03 00 33 c9 e8 58 5f 00 00 b8 40 1f 00 00 4c 


Register to memory mapping:

RAX=0x0000000000000004 is an unknown value
RBX=0x0000029649480090 is an unknown value
RCX=0x0000029645ea9008 is an unknown value
RDX=0x0000029645ea9004 is an unknown value
RSP=0x000000e0754fc330 is pointing into the stack for thread: 0x000002962d1ad800
RBP=0x00000000000000ff is an unknown value
RSI=0x0000029645ea8b9c is an unknown value
RDI=0x0000000000000000 is an unknown value
R8 =0x000000000000011a is an unknown value
R9 =0x0000029645ea8b9c is an unknown value
R10=0x000002962ec79c62 is at code_begin+962 in an Interpreter codelet
method entry point (kind = native)  [0x000002962ec798a0, 0x000002962ec7a340]  2720 bytes
R11=0x000000006f7cea10 is an unknown value
R12=0x0000000000000001 is an unknown value
R13={method} {0x0000029647c7fce8} 'nalcCreateContext' '(JJ)J' in 'org/lwjgl/openal/ALC10'
R14=0x000000e0754fc4d0 is pointing into the stack for thread: 0x000002962d1ad800
R15=0x000002962d1ad800 is a thread


Stack: [0x000000e075400000,0x000000e075500000],  sp=0x000000e0754fc330,  free space=1008k
Native frames: (J=compiled Java code, j=interpreted, Vv=VM code, C=native code)
C  [OpenAL64.dll+0x11066]
C  [OpenAL64.dll+0x1248f]
C  0x000002962ec79c8e

Java frames: (J=compiled Java code, j=interpreted, Vv=VM code)
j  org.lwjgl.openal.ALC10.nalcCreateContext(JJ)J+0
j  org.lwjgl.openal.ALC10.alcCreateContext(Lorg/lwjgl/openal/ALCdevice;Ljava/nio/IntBuffer;)Lorg/lwjgl/openal/ALCcontext;+8
j  org.lwjgl.openal.AL.init(Ljava/lang/String;IIZZ)V+69
j  org.lwjgl.openal.AL.create(Ljava/lang/String;IIZZ)V+246
j  org.lwjgl.openal.AL.create(Ljava/lang/String;IIZ)V+5
j  org.lwjgl.openal.AL.create()V+6
j  com.badlogic.gdx.backends.lwjgl.audio.OpenALAudio.<init>(III)V+114
j  com.badlogic.gdx.backends.lwjgl.LwjglApplication.<init>(Lcom/badlogic/gdx/ApplicationListener;Lcom/badlogic/gdx/backends/lwjgl/LwjglApplicationConfiguration;Lcom/badlogic/gdx/backends/lwjgl/LwjglGraphics;)V+120
j  com.badlogic.gdx.backends.lwjgl.LwjglApplication.<init>(Lcom/badlogic/gdx/ApplicationListener;Lcom/badlogic/gdx/backends/lwjgl/LwjglApplicationConfiguration;)V+11
j  org.uqbar.project.wollok.game.gameboard.WollokGDXApplication.<init>(Lorg/uqbar/project/wollok/game/gameboard/Gameboard;Ljava/lang/Boolean;)V+17
j  org.uqbar.project.wollok.game.helpers.Application.start(Lorg/uqbar/project/wollok/game/gameboard/Gameboard;Ljava/lang/Boolean;)V+5
j  org.uqbar.project.wollok.game.gameboard.Gameboard.start(Ljava/lang/Boolean;)V+13
j  wollok.game.GameObject.doStart(Ljava/lang/Boolean;)V+12
v  ~StubRoutines::call_stub
J 3354  sun.reflect.NativeMethodAccessorImpl.invoke0(Ljava/lang/reflect/Method;Ljava/lang/Object;[Ljava/lang/Object;)Ljava/lang/Object; (0 bytes) @ 0x000002962f6af17f [0x000002962f6af100+0x7f]
J 3353 C1 sun.reflect.NativeMethodAccessorImpl.invoke(Ljava/lang/Object;[Ljava/lang/Object;)Ljava/lang/Object; (104 bytes) @ 0x000002962f6ae884 [0x000002962f6ae4e0+0x3a4]
J 2537 C1 sun.reflect.DelegatingMethodAccessorImpl.invoke(Ljava/lang/Object;[Ljava/lang/Object;)Ljava/lang/Object; (10 bytes) @ 0x000002962f4e0044 [0x000002962f4dff40+0x104]
J 2536 C1 java.lang.reflect.Method.invoke(Ljava/lang/Object;[Ljava/lang/Object;)Ljava/lang/Object; (62 bytes) @ 0x000002962f4de16c [0x000002962f4ddd80+0x3ec]
j  org.uqbar.project.wollok.ui.utils.XTendUtilExtensions.invokeConvertingArgs(Ljava/lang/reflect/Method;Ljava/lang/Object;[Ljava/lang/Object;)Lorg/uqbar/project/wollok/interpreter/core/WollokObject;+261
j  org.uqbar.project.wollok.interpreter.AbstractWollokCallable._invokeNative(Ljava/lang/Object;Ljava/lang/String;[Lorg/uqbar/project/wollok/interpreter/core/WollokObject;)Lorg/uqbar/project/wollok/interpreter/core/WollokObject;+41
j  org.uqbar.project.wollok.interpreter.AbstractWollokCallable.invokeNative(Ljava/lang/Object;Ljava/lang/String;[Lorg/uqbar/project/wollok/interpreter/core/WollokObject;)Lorg/uqbar/project/wollok/interpreter/core/WollokObject;+26
j  org.uqbar.project.wollok.interpreter.AbstractWollokCallable$1.apply()Lorg/uqbar/project/wollok/interpreter/core/WollokObject;+55
j  org.uqbar.project.wollok.interpreter.AbstractWollokCallable$1.apply()Ljava/lang/Object;+1
j  org.uqbar.project.wollok.interpreter.threads.WThread.performOnStack(Lorg/eclipse/emf/ecore/EObject;Lorg/uqbar/project/wollok/interpreter/context/EvaluationContext;Lorg/eclipse/xtext/xbase/lib/Functions$Function0;)Lorg/uqbar/project/wollok/interpreter/core/WollokObject;+29
j  org.uqbar.project.wollok.interpreter.WollokInterpreter.performOnStack(Lorg/eclipse/emf/ecore/EObject;Lorg/uqbar/project/wollok/interpreter/context/EvaluationContext;Lorg/eclipse/xtext/xbase/lib/Functions$Function0;)Lorg/uqbar/project/wollok/interpreter/core/WollokObject;+7
j  org.uqbar.project.wollok.interpreter.AbstractWollokCallable.call(Lorg/uqbar/project/wollok/wollokDsl/WMethodDeclaration;[Lorg/uqbar/project/wollok/interpreter/core/WollokObject;)Lorg/uqbar/project/wollok/interpreter/core/WollokObject;+38
j  org.uqbar.project.wollok.interpreter.core.WollokObject.call(Ljava/lang/String;[Lorg/uqbar/project/wollok/interpreter/core/WollokObject;)Lorg/uqbar/project/wollok/interpreter/core/WollokObject;+55
j  org.uqbar.project.wollok.interpreter.WollokInterpreterEvaluator._evaluate(Lorg/uqbar/project/wollok/wollokDsl/WFeatureCall;)Lorg/uqbar/project/wollok/interpreter/core/WollokObject;+119
J 3326 C1 org.uqbar.project.wollok.launch.WollokLauncherInterpreterEvaluator.evaluate(Lorg/eclipse/emf/ecore/EObject;)Lorg/uqbar/project/wollok/interpreter/core/WollokObject; (502 bytes) @ 0x000002962f69b244 [0x000002962f69a200+0x1044]
J 3349 C1 org.uqbar.project.wollok.interpreter.WollokInterpreter.eval(Lorg/eclipse/emf/ecore/EObject;)Lorg/uqbar/project/wollok/interpreter/core/WollokObject; (190 bytes) @ 0x000002962f6a9f34 [0x000002962f6a9b40+0x3f4]
J 3266 C1 org.uqbar.project.wollok.interpreter.WollokInterpreterEvaluator.eval(Lorg/eclipse/emf/ecore/EObject;)Lorg/uqbar/project/wollok/interpreter/core/WollokObject; (9 bytes) @ 0x000002962f67f864 [0x000002962f67f800+0x64]
j  org.uqbar.project.wollok.interpreter.WollokInterpreterEvaluator$1.apply(Lorg/uqbar/project/wollok/interpreter/core/WollokObject;Lorg/eclipse/emf/ecore/EObject;)Lorg/uqbar/project/wollok/interpreter/core/WollokObject;+5
j  org.uqbar.project.wollok.interpreter.WollokInterpreterEvaluator$1.apply(Ljava/lang/Object;Ljava/lang/Object;)Ljava/lang/Object;+9
J 3433 C1 org.eclipse.xtext.xbase.lib.IterableExtensions.fold(Ljava/lang/Iterable;Ljava/lang/Object;Lorg/eclipse/xtext/xbase/lib/Functions$Function2;)Ljava/lang/Object; (12 bytes) @ 0x000002962f6fbd7c [0x000002962f6fbce0+0x9c]
j  org.uqbar.project.wollok.interpreter.WollokInterpreterEvaluator.evalAll(Ljava/lang/Iterable;)Lorg/uqbar/project/wollok/interpreter/core/WollokObject;+12
j  org.uqbar.project.wollok.interpreter.WollokInterpreterEvaluator._evaluate(Lorg/uqbar/project/wollok/wollokDsl/WBlockExpression;)Lorg/uqbar/project/wollok/interpreter/core/WollokObject;+34
J 3326 C1 org.uqbar.project.wollok.launch.WollokLauncherInterpreterEvaluator.evaluate(Lorg/eclipse/emf/ecore/EObject;)Lorg/uqbar/project/wollok/interpreter/core/WollokObject; (502 bytes) @ 0x000002962f69becc [0x000002962f69a200+0x1ccc]
J 3349 C1 org.uqbar.project.wollok.interpreter.WollokInterpreter.eval(Lorg/eclipse/emf/ecore/EObject;)Lorg/uqbar/project/wollok/interpreter/core/WollokObject; (190 bytes) @ 0x000002962f6a9f34 [0x000002962f6a9b40+0x3f4]
j  org.uqbar.project.wollok.interpreter.AbstractWollokCallable.eval(Lorg/eclipse/emf/ecore/EObject;)Lorg/uqbar/project/wollok/interpreter/core/WollokObject;+5
j  org.uqbar.project.wollok.interpreter.AbstractWollokCallable$1.apply()Lorg/uqbar/project/wollok/interpreter/core/WollokObject;+110
j  org.uqbar.project.wollok.interpreter.AbstractWollokCallable$1.apply()Ljava/lang/Object;+1
j  org.uqbar.project.wollok.interpreter.threads.WThread.performOnStack(Lorg/eclipse/emf/ecore/EObject;Lorg/uqbar/project/wollok/interpreter/context/EvaluationContext;Lorg/eclipse/xtext/xbase/lib/Functions$Function0;)Lorg/uqbar/project/wollok/interpreter/core/WollokObject;+29
j  org.uqbar.project.wollok.interpreter.WollokInterpreter.performOnStack(Lorg/eclipse/emf/ecore/EObject;Lorg/uqbar/project/wollok/interpreter/context/EvaluationContext;Lorg/eclipse/xtext/xbase/lib/Functions$Function0;)Lorg/uqbar/project/wollok/interpreter/core/WollokObject;+7
j  org.uqbar.project.wollok.interpreter.AbstractWollokCallable.call(Lorg/uqbar/project/wollok/wollokDsl/WMethodDeclaration;[Lorg/uqbar/project/wollok/interpreter/core/WollokObject;)Lorg/uqbar/project/wollok/interpreter/core/WollokObject;+38
j  org.uqbar.project.wollok.interpreter.core.WollokObject.call(Ljava/lang/String;[Lorg/uqbar/project/wollok/interpreter/core/WollokObject;)Lorg/uqbar/project/wollok/interpreter/core/WollokObject;+55
j  org.uqbar.project.wollok.interpreter.WollokInterpreterEvaluator._evaluate(Lorg/uqbar/project/wollok/wollokDsl/WFeatureCall;)Lorg/uqbar/project/wollok/interpreter/core/WollokObject;+119
J 3326 C1 org.uqbar.project.wollok.launch.WollokLauncherInterpreterEvaluator.evaluate(Lorg/eclipse/emf/ecore/EObject;)Lorg/uqbar/project/wollok/interpreter/core/WollokObject; (502 bytes) @ 0x000002962f69b244 [0x000002962f69a200+0x1044]
J 3349 C1 org.uqbar.project.wollok.interpreter.WollokInterpreter.eval(Lorg/eclipse/emf/ecore/EObject;)Lorg/uqbar/project/wollok/interpreter/core/WollokObject; (190 bytes) @ 0x000002962f6a9f34 [0x000002962f6a9b40+0x3f4]
J 3266 C1 org.uqbar.project.wollok.interpreter.WollokInterpreterEvaluator.eval(Lorg/eclipse/emf/ecore/EObject;)Lorg/uqbar/project/wollok/interpreter/core/WollokObject; (9 bytes) @ 0x000002962f67f864 [0x000002962f67f800+0x64]
j  org.uqbar.project.wollok.interpreter.WollokInterpreterEvaluator$1.apply(Lorg/uqbar/project/wollok/interpreter/core/WollokObject;Lorg/eclipse/emf/ecore/EObject;)Lorg/uqbar/project/wollok/interpreter/core/WollokObject;+5
j  org.uqbar.project.wollok.interpreter.WollokInterpreterEvaluator$1.apply(Ljava/lang/Object;Ljava/lang/Object;)Ljava/lang/Object;+9
j  org.eclipse.xtext.xbase.lib.IteratorExtensions.fold(Ljava/util/Iterator;Ljava/lang/Object;Lorg/eclipse/xtext/xbase/lib/Functions$Function2;)Ljava/lang/Object;+19
j  org.eclipse.xtext.xbase.lib.IterableExtensions.fold(Ljava/lang/Iterable;Ljava/lang/Object;Lorg/eclipse/xtext/xbase/lib/Functions$Function2;)Ljava/lang/Object;+8
j  org.uqbar.project.wollok.interpreter.WollokInterpreterEvaluator.evalAll(Ljava/lang/Iterable;)Lorg/uqbar/project/wollok/interpreter/core/WollokObject;+12
j  org.uqbar.project.wollok.interpreter.WollokInterpreterEvaluator._evaluate(Lorg/uqbar/project/wollok/wollokDsl/WProgram;)Lorg/uqbar/project/wollok/interpreter/core/WollokObject;+18
j  org.uqbar.project.wollok.launch.WollokLauncherInterpreterEvaluator.evaluate(Lorg/eclipse/emf/ecore/EObject;)Lorg/uqbar/project/wollok/interpreter/core/WollokObject;+444
j  org.uqbar.project.wollok.interpreter.WollokInterpreterEvaluator.evaluate(Lorg/eclipse/emf/ecore/EObject;)Ljava/lang/Object;+2
j  org.uqbar.project.wollok.interpreter.WollokInterpreter.eval(Lorg/eclipse/emf/ecore/EObject;)Lorg/uqbar/project/wollok/interpreter/core/WollokObject;+63
j  org.uqbar.project.wollok.interpreter.WollokInterpreterEvaluator.eval(Lorg/eclipse/emf/ecore/EObject;)Lorg/uqbar/project/wollok/interpreter/core/WollokObject;+5
j  org.uqbar.project.wollok.launch.WollokLauncherInterpreterEvaluator._evaluate(Lorg/uqbar/project/wollok/wollokDsl/WFile;)Lorg/uqbar/project/wollok/interpreter/core/WollokObject;+32
j  org.uqbar.project.wollok.launch.WollokLauncherInterpreterEvaluator.evaluate(Lorg/eclipse/emf/ecore/EObject;)Lorg/uqbar/project/wollok/interpreter/core/WollokObject;+428
j  org.uqbar.project.wollok.interpreter.WollokInterpreterEvaluator.evaluate(Lorg/eclipse/emf/ecore/EObject;)Ljava/lang/Object;+2
j  org.uqbar.project.wollok.interpreter.WollokInterpreter.interpret(Lorg/eclipse/emf/ecore/EObject;Ljava/lang/Boolean;)Lorg/uqbar/project/wollok/interpreter/core/WollokObject;+25
j  org.uqbar.project.wollok.interpreter.WollokInterpreter.interpret(Lorg/eclipse/emf/ecore/EObject;)Lorg/uqbar/project/wollok/interpreter/core/WollokObject;+8
j  org.uqbar.project.wollok.launch.WollokLauncher.doSomething(Lorg/uqbar/project/wollok/wollokDsl/WFile;Lcom/google/inject/Injector;Ljava/io/File;Lorg/uqbar/project/wollok/launch/WollokLauncherParameters;)V+109
j  org.uqbar.project.wollok.launch.WollokChecker.launch(Ljava/lang/String;Lorg/uqbar/project/wollok/launch/WollokLauncherParameters;)V+31
j  org.uqbar.project.wollok.launch.WollokChecker.doMain([Ljava/lang/String;)V+205
j  org.uqbar.project.wollok.launch.WollokLauncher.main([Ljava/lang/String;)V+8
v  ~StubRoutines::call_stub

---------------  P R O C E S S  ---------------

Java Threads: ( => current thread )
  0x000002964512e800 JavaThread "com.google.inject.internal.util.$Finalizer" daemon [_thread_blocked, id=15640, stack(0x000000e076400000,0x000000e076500000)]
  0x0000029644ece000 JavaThread "EMF Reference Cleaner" daemon [_thread_blocked, id=13788, stack(0x000000e076300000,0x000000e076400000)]
  0x000002964337a800 JavaThread "Service Thread" daemon [_thread_blocked, id=15596, stack(0x000000e076100000,0x000000e076200000)]
  0x0000029643302000 JavaThread "C1 CompilerThread2" daemon [_thread_blocked, id=11792, stack(0x000000e076000000,0x000000e076100000)]
  0x00000296432f4800 JavaThread "C2 CompilerThread1" daemon [_thread_blocked, id=8308, stack(0x000000e075f00000,0x000000e076000000)]
  0x00000296432e5000 JavaThread "C2 CompilerThread0" daemon [_thread_blocked, id=8532, stack(0x000000e075e00000,0x000000e075f00000)]
  0x00000296432d8000 JavaThread "Attach Listener" daemon [_thread_blocked, id=2216, stack(0x000000e075d00000,0x000000e075e00000)]
  0x00000296432d7000 JavaThread "Signal Dispatcher" daemon [_thread_blocked, id=11404, stack(0x000000e075c00000,0x000000e075d00000)]
  0x00000296432b8800 JavaThread "Finalizer" daemon [_thread_blocked, id=1568, stack(0x000000e075b00000,0x000000e075c00000)]
  0x00000296432ae000 JavaThread "Reference Handler" daemon [_thread_blocked, id=15880, stack(0x000000e075a00000,0x000000e075b00000)]
=>0x000002962d1ad800 JavaThread "main" [_thread_in_native, id=10852, stack(0x000000e075400000,0x000000e075500000)]

Other Threads:
  0x0000029643285800 VMThread [stack: 0x000000e075900000,0x000000e075a00000] [id=3428]
  0x0000029643385800 WatcherThread [stack: 0x000000e076200000,0x000000e076300000] [id=3168]

VM state:not at safepoint (normal execution)

VM Mutex/Monitor currently owned by a thread: None

heap address: 0x0000000081e00000, size: 2018 MB, Compressed Oops mode: 32-bit
Narrow klass base: 0x0000000000000000, Narrow klass shift: 3
Compressed class space size: 1073741824 Address: 0x0000000100000000

Heap:
 PSYoungGen      total 138240K, used 6064K [0x00000000d5f80000, 0x00000000e8c80000, 0x0000000100000000)
  eden space 133120K, 4% used [0x00000000d5f80000,0x00000000d656c0b0,0x00000000de180000)
  from space 5120K, 0% used [0x00000000de180000,0x00000000de180000,0x00000000de680000)
  to   space 20992K, 0% used [0x00000000e7800000,0x00000000e7800000,0x00000000e8c80000)
 ParOldGen       total 89600K, used 27039K [0x0000000081e00000, 0x0000000087580000, 0x00000000d5f80000)
  object space 89600K, 30% used [0x0000000081e00000,0x0000000083867da0,0x0000000087580000)
 Metaspace       used 21408K, capacity 21694K, committed 21760K, reserved 1069056K
  class space    used 2671K, capacity 2755K, committed 2816K, reserved 1048576K

Card table byte_map: [0x000002963e020000,0x000002963e420000] byte_map_base: 0x000002963dc11000

Marking Bits: (ParMarkBitMap*) 0x000000006fdb7790
 Begin Bits: [0x000002963e6d0000, 0x0000029640658000)
 End Bits:   [0x0000029640658000, 0x00000296425e0000)

Polling page: 0x000002962d330000

CodeCache: size=245760Kb used=11108Kb max_used=11118Kb free=234651Kb
 bounds [0x000002962ec60000, 0x000002962f750000, 0x000002963dc60000]
 total_blobs=3940 nmethods=3499 adapters=352
 compilation: enabled

Compilation events (10 events):
Event: 4.118 Thread 0x0000029643302000 3511       3       java.nio.DirectByteBuffer::put (18 bytes)
Event: 4.118 Thread 0x0000029643302000 nmethod 3511 0x000002962f733590 code [0x000002962f733700, 0x000002962f733978]
Event: 4.118 Thread 0x0000029643302000 3512       3       java.nio.DirectByteBuffer::ix (10 bytes)
Event: 4.118 Thread 0x0000029643302000 nmethod 3512 0x000002962f733250 code [0x000002962f7333a0, 0x000002962f7334f8]
Event: 4.119 Thread 0x0000029643302000 3514       3       java.nio.DirectByteBuffer::put (18 bytes)
Event: 4.119 Thread 0x0000029643302000 nmethod 3514 0x000002962f732d50 code [0x000002962f732ec0, 0x000002962f733138]
Event: 4.119 Thread 0x0000029643302000 3515       1       java.nio.DirectByteBuffer::ix (10 bytes)
Event: 4.119 Thread 0x0000029643302000 nmethod 3515 0x000002962f732a90 code [0x000002962f732be0, 0x000002962f732cf8]
Event: 4.121 Thread 0x00000296432e5000 3516   !   4       java.util.zip.ZipFile$ZipFileInputStream::close (110 bytes)
Event: 4.129 Thread 0x00000296432e5000 nmethod 3516 0x000002962f7417d0 code [0x000002962f741960, 0x000002962f7421e8]

GC Heap History (10 events):
Event: 1.052 GC heap before
{Heap before GC invocations=2 (full 0):
 PSYoungGen      total 38400K, used 38385K [0x00000000d5f80000, 0x00000000daa80000, 0x0000000100000000)
  eden space 33280K, 100% used [0x00000000d5f80000,0x00000000d8000000,0x00000000d8000000)
  from space 5120K, 99% used [0x00000000d8000000,0x00000000d84fc700,0x00000000d8500000)
  to   space 5120K, 0% used [0x00000000da580000,0x00000000da580000,0x00000000daa80000)
 ParOldGen       total 87552K, used 1720K [0x0000000081e00000, 0x0000000087380000, 0x00000000d5f80000)
  object space 87552K, 1% used [0x0000000081e00000,0x0000000081fae1e8,0x0000000087380000)
 Metaspace       used 8482K, capacity 8604K, committed 8832K, reserved 1056768K
  class space    used 1018K, capacity 1076K, committed 1152K, reserved 1048576K
Event: 1.063 GC heap after
Heap after GC invocations=2 (full 0):
 PSYoungGen      total 71680K, used 5091K [0x00000000d5f80000, 0x00000000daa80000, 0x0000000100000000)
  eden space 66560K, 0% used [0x00000000d5f80000,0x00000000d5f80000,0x00000000da080000)
  from space 5120K, 99% used [0x00000000da580000,0x00000000daa78c88,0x00000000daa80000)
  to   space 5120K, 0% used [0x00000000da080000,0x00000000da080000,0x00000000da580000)
 ParOldGen       total 87552K, used 11708K [0x0000000081e00000, 0x0000000087380000, 0x00000000d5f80000)
  object space 87552K, 13% used [0x0000000081e00000,0x000000008296f138,0x0000000087380000)
 Metaspace       used 8482K, capacity 8604K, committed 8832K, reserved 1056768K
  class space    used 1018K, capacity 1076K, committed 1152K, reserved 1048576K
}
Event: 2.067 GC heap before
{Heap before GC invocations=3 (full 0):
 PSYoungGen      total 71680K, used 71651K [0x00000000d5f80000, 0x00000000daa80000, 0x0000000100000000)
  eden space 66560K, 100% used [0x00000000d5f80000,0x00000000da080000,0x00000000da080000)
  from space 5120K, 99% used [0x00000000da580000,0x00000000daa78c88,0x00000000daa80000)
  to   space 5120K, 0% used [0x00000000da080000,0x00000000da080000,0x00000000da580000)
 ParOldGen       total 87552K, used 11708K [0x0000000081e00000, 0x0000000087380000, 0x00000000d5f80000)
  object space 87552K, 13% used [0x0000000081e00000,0x000000008296f138,0x0000000087380000)
 Metaspace       used 15744K, capacity 15870K, committed 16000K, reserved 1062912K
  class space    used 2035K, capacity 2079K, committed 2176K, reserved 1048576K
Event: 2.080 GC heap after
Heap after GC invocations=3 (full 0):
 PSYoungGen      total 71680K, used 5088K [0x00000000d5f80000, 0x00000000deb80000, 0x0000000100000000)
  eden space 66560K, 0% used [0x00000000d5f80000,0x00000000d5f80000,0x00000000da080000)
  from space 5120K, 99% used [0x00000000da080000,0x00000000da578020,0x00000000da580000)
  to   space 5120K, 0% used [0x00000000de680000,0x00000000de680000,0x00000000deb80000)
 ParOldGen       total 87552K, used 24298K [0x0000000081e00000, 0x0000000087380000, 0x00000000d5f80000)
  object space 87552K, 27% used [0x0000000081e00000,0x00000000835baa28,0x0000000087380000)
 Metaspace       used 15744K, capacity 15870K, committed 16000K, reserved 1062912K
  class space    used 2035K, capacity 2079K, committed 2176K, reserved 1048576K
}
Event: 3.674 GC heap before
{Heap before GC invocations=4 (full 0):
 PSYoungGen      total 71680K, used 71648K [0x00000000d5f80000, 0x00000000deb80000, 0x0000000100000000)
  eden space 66560K, 100% used [0x00000000d5f80000,0x00000000da080000,0x00000000da080000)
  from space 5120K, 99% used [0x00000000da080000,0x00000000da578020,0x00000000da580000)
  to   space 5120K, 0% used [0x00000000de680000,0x00000000de680000,0x00000000deb80000)
 ParOldGen       total 87552K, used 24298K [0x0000000081e00000, 0x0000000087380000, 0x00000000d5f80000)
  object space 87552K, 27% used [0x0000000081e00000,0x00000000835baa28,0x0000000087380000)
 Metaspace       used 20510K, capacity 20812K, committed 20864K, reserved 1067008K
  class space    used 2573K, capacity 2656K, committed 2688K, reserved 1048576K
Event: 3.691 GC heap after
Heap after GC invocations=4 (full 0):
 PSYoungGen      total 138240K, used 5104K [0x00000000d5f80000, 0x00000000deb80000, 0x0000000100000000)
  eden space 133120K, 0% used [0x00000000d5f80000,0x00000000d5f80000,0x00000000de180000)
  from space 5120K, 99% used [0x00000000de680000,0x00000000deb7c040,0x00000000deb80000)
  to   space 5120K, 0% used [0x00000000de180000,0x00000000de180000,0x00000000de680000)
 ParOldGen       total 87552K, used 30563K [0x0000000081e00000, 0x0000000087380000, 0x00000000d5f80000)
  object space 87552K, 34% used [0x0000000081e00000,0x0000000083bd8ee0,0x0000000087380000)
 Metaspace       used 20510K, capacity 20812K, committed 20864K, reserved 1067008K
  class space    used 2573K, capacity 2656K, committed 2688K, reserved 1048576K
}
Event: 3.798 GC heap before
{Heap before GC invocations=5 (full 0):
 PSYoungGen      total 138240K, used 15634K [0x00000000d5f80000, 0x00000000deb80000, 0x0000000100000000)
  eden space 133120K, 7% used [0x00000000d5f80000,0x00000000d69c8898,0x00000000de180000)
  from space 5120K, 99% used [0x00000000de680000,0x00000000deb7c040,0x00000000deb80000)
  to   space 5120K, 0% used [0x00000000de180000,0x00000000de180000,0x00000000de680000)
 ParOldGen       total 87552K, used 30563K [0x0000000081e00000, 0x0000000087380000, 0x00000000d5f80000)
  object space 87552K, 34% used [0x0000000081e00000,0x0000000083bd8ee0,0x0000000087380000)
 Metaspace       used 20867K, capacity 21118K, committed 21248K, reserved 1067008K
  class space    used 2604K, capacity 2691K, committed 2816K, reserved 1048576K
Event: 3.810 GC heap after
Heap after GC invocations=5 (full 0):
 PSYoungGen      total 138240K, used 5104K [0x00000000d5f80000, 0x00000000e8c80000, 0x0000000100000000)
  eden space 133120K, 0% used [0x00000000d5f80000,0x00000000d5f80000,0x00000000de180000)
  from space 5120K, 99% used [0x00000000de180000,0x00000000de67c040,0x00000000de680000)
  to   space 20992K, 0% used [0x00000000e7800000,0x00000000e7800000,0x00000000e8c80000)
 ParOldGen       total 87552K, used 30898K [0x0000000081e00000, 0x0000000087380000, 0x00000000d5f80000)
  object space 87552K, 35% used [0x0000000081e00000,0x0000000083c2cb58,0x0000000087380000)
 Metaspace       used 20867K, capacity 21118K, committed 21248K, reserved 1067008K
  class space    used 2604K, capacity 2691K, committed 2816K, reserved 1048576K
}
Event: 3.810 GC heap before
{Heap before GC invocations=6 (full 1):
 PSYoungGen      total 138240K, used 5104K [0x00000000d5f80000, 0x00000000e8c80000, 0x0000000100000000)
  eden space 133120K, 0% used [0x00000000d5f80000,0x00000000d5f80000,0x00000000de180000)
  from space 5120K, 99% used [0x00000000de180000,0x00000000de67c040,0x00000000de680000)
  to   space 20992K, 0% used [0x00000000e7800000,0x00000000e7800000,0x00000000e8c80000)
 ParOldGen       total 87552K, used 30898K [0x0000000081e00000, 0x0000000087380000, 0x00000000d5f80000)
  object space 87552K, 35% used [0x0000000081e00000,0x0000000083c2cb58,0x0000000087380000)
 Metaspace       used 20867K, capacity 21118K, committed 21248K, reserved 1067008K
  class space    used 2604K, capacity 2691K, committed 2816K, reserved 1048576K
Event: 3.900 GC heap after
Heap after GC invocations=6 (full 1):
 PSYoungGen      total 138240K, used 0K [0x00000000d5f80000, 0x00000000e8c80000, 0x0000000100000000)
  eden space 133120K, 0% used [0x00000000d5f80000,0x00000000d5f80000,0x00000000de180000)
  from space 5120K, 0% used [0x00000000de180000,0x00000000de180000,0x00000000de680000)
  to   space 20992K, 0% used [0x00000000e7800000,0x00000000e7800000,0x00000000e8c80000)
 ParOldGen       total 89600K, used 27039K [0x0000000081e00000, 0x0000000087580000, 0x00000000d5f80000)
  object space 89600K, 30% used [0x0000000081e00000,0x0000000083867da0,0x0000000087580000)
 Metaspace       used 20867K, capacity 21118K, committed 21248K, reserved 1067008K
  class space    used 2604K, capacity 2691K, committed 2816K, reserved 1048576K
}

Deoptimization events (10 events):
Event: 2.941 Thread 0x000002962d1ad800 Uncommon trap: reason=array_check action=maybe_recompile pc=0x000002962f4d2d58 method=org.eclipse.emf.common.util.BasicEList.assign(ILjava/lang/Object;)Ljava/lang/Object; @ 6
Event: 2.946 Thread 0x000002962d1ad800 Uncommon trap: reason=array_check action=maybe_recompile pc=0x000002962f4d2d58 method=org.eclipse.emf.common.util.BasicEList.assign(ILjava/lang/Object;)Ljava/lang/Object; @ 6
Event: 2.946 Thread 0x000002962d1ad800 Uncommon trap: reason=array_check action=maybe_recompile pc=0x000002962f4d2d58 method=org.eclipse.emf.common.util.BasicEList.assign(ILjava/lang/Object;)Ljava/lang/Object; @ 6
Event: 2.962 Thread 0x000002962d1ad800 Uncommon trap: reason=unstable_if action=reinterpret pc=0x000002962f40c6e8 method=org.eclipse.emf.common.notify.impl.BasicNotifierImpl$EAdapterList.data()[Ljava/lang/Object; @ 16
Event: 2.962 Thread 0x000002962d1ad800 Uncommon trap: reason=unstable_if action=reinterpret pc=0x000002962f523b84 method=org.eclipse.emf.common.notify.impl.BasicNotifierImpl$EAdapterList.getAdapterForType(Ljava/lang/Object;)Lorg/eclipse/emf/common/notify/Adapter; @ 50
Event: 2.982 Thread 0x000002962d1ad800 Uncommon trap: reason=unstable_if action=reinterpret pc=0x000002962f528d98 method=org.eclipse.emf.common.notify.impl.BasicNotifierImpl$EAdapterList.getAdapterForType(Ljava/lang/Object;)Lorg/eclipse/emf/common/notify/Adapter; @ 50
Event: 2.987 Thread 0x000002962d1ad800 Uncommon trap: reason=unstable_if action=reinterpret pc=0x000002962f425b2c method=sun.nio.cs.UTF_8$Decoder.decodeArrayLoop(Ljava/nio/ByteBuffer;Ljava/nio/CharBuffer;)Ljava/nio/charset/CoderResult; @ 84
Event: 2.991 Thread 0x000002962d1ad800 Uncommon trap: reason=unstable_if action=reinterpret pc=0x000002962f515018 method=org.eclipse.emf.common.notify.impl.BasicNotifierImpl$EAdapterList.getAdapterForType(Ljava/lang/Object;)Lorg/eclipse/emf/common/notify/Adapter; @ 50
Event: 3.134 Thread 0x000002962d1ad800 Uncommon trap: reason=unstable_if action=reinterpret pc=0x000002962f1a0968 method=java.util.concurrent.ConcurrentHashMap.putVal(Ljava/lang/Object;Ljava/lang/Object;Z)Ljava/lang/Object; @ 181
Event: 3.914 Thread 0x000002962d1ad800 Uncommon trap: reason=unstable_if action=reinterpret pc=0x000002962f04a994 method=java.io.WinNTFileSystem.normalize(Ljava/lang/String;)Ljava/lang/String; @ 49

Classes redefined (0 events):
No events

Internal exceptions (10 events):
Event: 2.999 Thread 0x000002962d1ad800 Exception <a 'java/io/FileNotFoundException'> (0x00000000d7d38e80) thrown at [J:\jenkins\tmp\workspace\build\src\hotspot\src\share\vm\prims\jni.cpp, line 711]
Event: 3.261 Thread 0x000002962d1ad800 Exception <a 'java/lang/reflect/InvocationTargetException'> (0x00000000d89acd30) thrown at [J:\jenkins\tmp\workspace\build\src\hotspot\src\share\vm\runtime\reflection.cpp, line 1092]
Event: 3.263 Thread 0x000002962d1ad800 Exception <a 'java/lang/reflect/InvocationTargetException'> (0x00000000d89c3750) thrown at [J:\jenkins\tmp\workspace\build\src\hotspot\src\share\vm\runtime\reflection.cpp, line 1092]
Event: 3.264 Thread 0x000002962d1ad800 Exception <a 'java/lang/reflect/InvocationTargetException'> (0x00000000d89dc968) thrown at [J:\jenkins\tmp\workspace\build\src\hotspot\src\share\vm\runtime\reflection.cpp, line 1092]
Event: 4.131 Thread 0x000002962d1ad800 Exception <a 'java/security/PrivilegedActionException'> (0x00000000d61a6728) thrown at [J:\jenkins\tmp\workspace\build\src\hotspot\src\share\vm\prims\jvm.cpp, line 1512]
Event: 4.131 Thread 0x000002962d1ad800 Exception <a 'java/security/PrivilegedActionException'> (0x00000000d61a7c58) thrown at [J:\jenkins\tmp\workspace\build\src\hotspot\src\share\vm\prims\jvm.cpp, line 1512]
Event: 4.131 Thread 0x000002962d1ad800 Exception <a 'java/security/PrivilegedActionException'> (0x00000000d61a9088) thrown at [J:\jenkins\tmp\workspace\build\src\hotspot\src\share\vm\prims\jvm.cpp, line 1512]
Event: 4.131 Thread 0x000002962d1ad800 Exception <a 'java/security/PrivilegedActionException'> (0x00000000d61aa748) thrown at [J:\jenkins\tmp\workspace\build\src\hotspot\src\share\vm\prims\jvm.cpp, line 1512]
Event: 4.131 Thread 0x000002962d1ad800 Exception <a 'java/security/PrivilegedActionException'> (0x00000000d61abb40) thrown at [J:\jenkins\tmp\workspace\build\src\hotspot\src\share\vm\prims\jvm.cpp, line 1512]
Event: 4.131 Thread 0x000002962d1ad800 Exception <a 'java/security/PrivilegedActionException'> (0x00000000d61acf08) thrown at [J:\jenkins\tmp\workspace\build\src\hotspot\src\share\vm\prims\jvm.cpp, line 1512]

Events (10 events):
Event: 4.158 loading class org/lwjgl/openal/ALCdevice
Event: 4.158 loading class org/lwjgl/openal/ALCdevice done
Event: 4.159 loading class org/lwjgl/openal/ALCcontext
Event: 4.159 loading class org/lwjgl/openal/ALCcontext done
Event: 4.159 loading class java/nio/DirectIntBufferU
Event: 4.160 loading class java/nio/DirectIntBufferU done
Event: 4.160 loading class org/lwjgl/openal/Util
Event: 4.160 loading class org/lwjgl/openal/Util done
Event: 4.160 loading class org/lwjgl/openal/OpenALException
Event: 4.160 loading class org/lwjgl/openal/OpenALException done


Dynamic libraries:
0x00007ff7b6400000 - 0x00007ff7b643a000 	C:\Program Files\AdoptOpenJDK\jdk-8.0.265.01-hotspot\bin\javaw.exe
0x00007ffb103f0000 - 0x00007ffb105e6000 	C:\WINDOWS\SYSTEM32\ntdll.dll
0x00007ffb0e5c0000 - 0x00007ffb0e67d000 	C:\WINDOWS\System32\KERNEL32.DLL
0x00007ffb0e130000 - 0x00007ffb0e3f8000 	C:\WINDOWS\System32\KERNELBASE.dll
0x00007ffb0f580000 - 0x00007ffb0f62a000 	C:\WINDOWS\System32\ADVAPI32.dll
0x00007ffb0ef20000 - 0x00007ffb0efbe000 	C:\WINDOWS\System32\msvcrt.dll
0x00007ffb0f630000 - 0x00007ffb0f6cb000 	C:\WINDOWS\System32\sechost.dll
0x00007ffb0e460000 - 0x00007ffb0e584000 	C:\WINDOWS\System32\RPCRT4.dll
0x00007ffb0f070000 - 0x00007ffb0f210000 	C:\WINDOWS\System32\USER32.dll
0x00007ffb0dd20000 - 0x00007ffb0dd42000 	C:\WINDOWS\System32\win32u.dll
0x00007ffb0f3a0000 - 0x00007ffb0f3ca000 	C:\WINDOWS\System32\GDI32.dll
0x00007ffb0dd50000 - 0x00007ffb0de59000 	C:\WINDOWS\System32\gdi32full.dll
0x00007ffb0de60000 - 0x00007ffb0defd000 	C:\WINDOWS\System32\msvcp_win.dll
0x00007ffb0dc20000 - 0x00007ffb0dd20000 	C:\WINDOWS\System32\ucrtbase.dll
0x00007ffaf4f40000 - 0x00007ffaf51db000 	C:\WINDOWS\WinSxS\amd64_microsoft.windows.common-controls_6595b64144ccf1df_6.0.19041.488_none_ca04af081b815d21\COMCTL32.dll
0x00007ffb0e590000 - 0x00007ffb0e5c0000 	C:\WINDOWS\System32\IMM32.DLL
0x00007ffad9e60000 - 0x00007ffad9f4f000 	C:\Program Files\AdoptOpenJDK\jdk-8.0.265.01-hotspot\jre\bin\msvcr120.dll
0x00007ffada050000 - 0x00007ffada0f6000 	C:\Program Files\AdoptOpenJDK\jdk-8.0.265.01-hotspot\jre\bin\msvcp120.dll
0x000000006f5d0000 - 0x000000006fe36000 	C:\Program Files\AdoptOpenJDK\jdk-8.0.265.01-hotspot\jre\bin\server\jvm.dll
0x00007ffb0ee90000 - 0x00007ffb0ee98000 	C:\WINDOWS\System32\PSAPI.DLL
0x00007ffb04b40000 - 0x00007ffb04b67000 	C:\WINDOWS\SYSTEM32\WINMM.dll
0x00007ffafd240000 - 0x00007ffafd24a000 	C:\WINDOWS\SYSTEM32\VERSION.dll
0x00007ffafd2a0000 - 0x00007ffafd2a9000 	C:\WINDOWS\SYSTEM32\WSOCK32.dll
0x00007ffb0f210000 - 0x00007ffb0f27b000 	C:\WINDOWS\System32\WS2_32.dll
0x00007ffb08790000 - 0x00007ffb0879f000 	C:\Program Files\AdoptOpenJDK\jdk-8.0.265.01-hotspot\jre\bin\verify.dll
0x00007ffb06970000 - 0x00007ffb06998000 	C:\Program Files\AdoptOpenJDK\jdk-8.0.265.01-hotspot\jre\bin\java.dll
0x00007ffb029b0000 - 0x00007ffb029c6000 	C:\Program Files\AdoptOpenJDK\jdk-8.0.265.01-hotspot\jre\bin\zip.dll
0x00007ffb0e6e0000 - 0x00007ffb0ee20000 	C:\WINDOWS\System32\SHELL32.dll
0x00007ffb0b880000 - 0x00007ffb0c014000 	C:\WINDOWS\SYSTEM32\windows.storage.dll
0x00007ffb0fb60000 - 0x00007ffb0feb5000 	C:\WINDOWS\System32\combase.dll
0x00007ffb0d4e0000 - 0x00007ffb0d50c000 	C:\WINDOWS\SYSTEM32\Wldp.dll
0x00007ffb101a0000 - 0x00007ffb1024e000 	C:\WINDOWS\System32\SHCORE.dll
0x00007ffb0ee30000 - 0x00007ffb0ee85000 	C:\WINDOWS\System32\shlwapi.dll
0x00007ffb0da70000 - 0x00007ffb0da96000 	C:\WINDOWS\SYSTEM32\profapi.dll
0x0000000065580000 - 0x0000000065616000 	C:\Users\bllom\AppData\Local\Temp\libgdxbllom\12dfaa03\gdx64.dll
0x00007ffb0d430000 - 0x00007ffb0d448000 	C:\WINDOWS\SYSTEM32\CRYPTSP.dll
0x00007ffb0cbf0000 - 0x00007ffb0cc24000 	C:\WINDOWS\system32\rsaenh.dll
0x00007ffb0db40000 - 0x00007ffb0db67000 	C:\WINDOWS\System32\bcrypt.dll
0x00007ffb0d9c0000 - 0x00007ffb0d9ee000 	C:\WINDOWS\SYSTEM32\USERENV.dll
0x00007ffb0e0b0000 - 0x00007ffb0e12f000 	C:\WINDOWS\System32\bcryptprimitives.dll
0x00007ffb0d450000 - 0x00007ffb0d45c000 	C:\WINDOWS\SYSTEM32\CRYPTBASE.dll
0x00007ffaf4d80000 - 0x00007ffaf4d9a000 	C:\Program Files\AdoptOpenJDK\jdk-8.0.265.01-hotspot\jre\bin\net.dll
0x00007ffb0d260000 - 0x00007ffb0d2ca000 	C:\WINDOWS\system32\mswsock.dll
0x00007ffb0cf50000 - 0x00007ffb0cf8b000 	C:\WINDOWS\SYSTEM32\IPHLPAPI.DLL
0x00007ffb10050000 - 0x00007ffb10059000 	C:\WINDOWS\System32\NSI.dll
0x00007ffb056b0000 - 0x00007ffb056c7000 	C:\WINDOWS\SYSTEM32\dhcpcsvc6.DLL
0x00007ffb055a0000 - 0x00007ffb055bd000 	C:\WINDOWS\SYSTEM32\dhcpcsvc.DLL
0x00007ffb0cf90000 - 0x00007ffb0d05b000 	C:\WINDOWS\SYSTEM32\DNSAPI.dll
0x00007ffaf2430000 - 0x00007ffaf2442000 	C:\Program Files\AdoptOpenJDK\jdk-8.0.265.01-hotspot\jre\bin\nio.dll
0x0000000180000000 - 0x0000000180053000 	C:\Users\bllom\AppData\Local\Temp\libgdxbllom\dc0f0009\lwjgl64.dll
0x00007ffaddfa0000 - 0x00007ffade0c5000 	C:\WINDOWS\SYSTEM32\OPENGL32.dll
0x00007ffaddf30000 - 0x00007ffaddf5c000 	C:\WINDOWS\SYSTEM32\GLU32.dll
0x0000029647e60000 - 0x0000029647ec4000 	C:\Users\bllom\AppData\Local\Temp\libgdxbllom\dc0f0009\OpenAL64.dll
0x00007ffb0fec0000 - 0x00007ffb0ffea000 	C:\WINDOWS\System32\ole32.dll
0x00007ffb0c6f0000 - 0x00007ffb0c702000 	C:\WINDOWS\SYSTEM32\kernel.appcore.dll
0x00007ffb0b110000 - 0x00007ffb0b1af000 	C:\WINDOWS\system32\uxtheme.dll
0x00007ffb0efc0000 - 0x00007ffb0f069000 	C:\WINDOWS\System32\clbcatq.dll
0x00007ffaed880000 - 0x00007ffaed91c000 	C:\WINDOWS\SYSTEM32\dsound.dll
0x00007ffadfe10000 - 0x00007ffadfe36000 	C:\WINDOWS\SYSTEM32\winmmbase.dll
0x00007ffb0da20000 - 0x00007ffb0da6b000 	C:\WINDOWS\SYSTEM32\powrprof.dll
0x00007ffb0da00000 - 0x00007ffb0da12000 	C:\WINDOWS\SYSTEM32\UMPDC.dll
0x00007ffb06e50000 - 0x00007ffb06ed5000 	C:\WINDOWS\System32\MMDevApi.dll
0x00007ffb0d820000 - 0x00007ffb0d84c000 	C:\WINDOWS\System32\DEVOBJ.dll
0x00007ffb0df00000 - 0x00007ffb0df4e000 	C:\WINDOWS\System32\cfgmgr32.dll
0x00007ffb07500000 - 0x00007ffb07681000 	C:\WINDOWS\SYSTEM32\AUDIOSES.DLL
0x00007ffb10250000 - 0x00007ffb1031d000 	C:\WINDOWS\System32\OLEAUT32.dll
0x00007ffb0c120000 - 0x00007ffb0c304000 	C:\WINDOWS\SYSTEM32\dbghelp.dll

VM Arguments:
jvm_args: -Duser.language=es_AR -Dfile.encoding=UTF-8 
java_command: org.uqbar.project.wollok.launch.WollokLauncher -requestsPort 0 -eventsPort 0 -folder -dontValidate -wf src/game.wpgm
java_class_path (initial): C:\Users\bllom\Desktop\TPS PDEP2020\JuegoDeTenis\2020-o-tpi-juego-equipobuenaondamaravillalobo\bin;C:\Users\bllom\Desktop\Prog. Objetos\plugins\com.ibm.icu_64.2.0.v20190507-1337.jar;C:\Users\bllom\Desktop\Prog. Objetos\plugins\org.eclipse.xtext_2.20.0.v20191202-0915.jar;C:\Users\bllom\Desktop\Prog. Objetos\plugins\org.eclipse.emf.ecore.xmi_2.16.0.v20190528-0725.jar;C:\Users\bllom\Desktop\Prog. Objetos\plugins\org.eclipse.emf.ecore_2.20.0.v20190920-0401.jar;C:\Users\bllom\Desktop\Prog. Objetos\plugins\org.eclipse.emf.common_2.17.0.v20190920-0401.jar;C:\Users\bllom\Desktop\Prog. Objetos\plugins\org.antlr.runtime_3.2.0.v201101311130.jar;C:\Users\bllom\Desktop\Prog. Objetos\plugins\com.google.inject_3.0.0.v201605172100.jar;C:\Users\bllom\Desktop\Prog. Objetos\plugins\org.eclipse.emf.mwe.core_1.5.1.v20191121-1148.jar;C:\Users\bllom\Desktop\Prog. Objetos\plugins\org.apache.commons.cli_1.2.0.v201404270220.jar;C:\Users\bllom\Desktop\Prog. Objetos\plugins\org.eclipse.emf.mwe2.runtime_2.11.1.v20191121-1148.jar;C:\Users\bllom\Desktop\Prog. Objetos\plugins\org.eclipse.emf.mwe.utils_1.5.1.v20191121-1148.jar;C:\Users\bllom\Desktop\Prog. Objetos\plugins\org.eclipse.xtext.util_2.20.0.v20191202-0915.jar;C:\Users\bllom\Desktop\Prog. Objetos\plugins\com.google.guava_27.1.0.v20190517-1946.jar;C:\Users\bllom\Desktop\Prog. Objetos\plugins\javax.inject_1.0.0.v20091030.jar;C:\Users\bllom\Desktop\Prog. Objetos\plugins\org.eclipse.xtext.generator_2.20.0.v20191202-0933.jar;C:\Users\bllom\Desktop\Prog. Objetos\plugins\org.eclipse.xtext.xtext.generator_2.20.0.v20191202-0915.jar;C:\Users\bllom\Desktop\Prog. Objetos\plugins\org.eclipse.xtext.xbase.lib_2.20.0.v20191202-0907.jar;C:\Users\bllom\Desktop\Prog. Objetos\plugins\org.eclipse.emf.codegen.ecore_2.20.0.v20191012-0918.jar;C:\Users\bllom\Desktop\Prog. Objetos\plugins\org.eclipse.emf.codegen_2.19.0.v20190821-1536.jar;C:\Users\bllom\Desktop\Prog. Objetos\plugins\org.eclipse.xtend_2.2.0.v201605260315.jar;C:\Users\bllo
Launcher Type: SUN_STANDARD

Environment Variables:
PATH=C:/Program Files/AdoptOpenJDK/jdk-8.0.265.01-hotspot/bin/../jre/bin/server;C:/Program Files/AdoptOpenJDK/jdk-8.0.265.01-hotspot/bin/../jre/bin;C:/Program Files/AdoptOpenJDK/jdk-8.0.265.01-hotspot/bin/../jre/lib/amd64;C:\Program Files\AdoptOpenJDK\jdk-8.0.265.01-hotspot\bin;C:\Program Files (x86)\Intel\iCLS Client\;C:\Program Files\Intel\iCLS Client\;C:\WINDOWS\system32;C:\WINDOWS;C:\WINDOWS\System32\Wbem;C:\WINDOWS\System32\WindowsPowerShell\v1.0\;C:\Program Files (x86)\Intel\Intel(R) Management Engine Components\DAL;C:\Program Files\Intel\Intel(R) Management Engine Components\DAL;C:\Program Files (x86)\Intel\Intel(R) Management Engine Components\IPT;C:\Program Files\Intel\Intel(R) Management Engine Components\IPT;C:\WINDOWS\System32\OpenSSH\;C:\Program Files\Intel\WiFi\bin\;C:\Program Files\Common Files\Intel\WirelessCommon\;C:\Program Files\swipl\bin;C:\Program Files\Git\cmd;C:\Users\bllom\AppData\Roaming\local\bin;C:\Users\bllom\AppData\Local\Microsoft\WindowsApps;;C:\Users\bllom\AppData\Local\Programs\Microsoft VS Code\bin;C:\Users\bllom\Desktop\Prog. Objetos;
USERNAME=bllom
OS=Windows_NT
PROCESSOR_IDENTIFIER=Intel64 Family 6 Model 142 Stepping 9, GenuineIntel



---------------  S Y S T E M  ---------------

OS: Windows 10.0 , 64 bit Build 19041 (10.0.19041.546)

CPU:total 4 (initial active 4) (2 cores per cpu, 2 threads per core) family 6 model 142 stepping 9, cmov, cx8, fxsr, mmx, sse, sse2, sse3, ssse3, sse4.1, sse4.2, popcnt, avx, avx2, aes, clmul, erms, 3dnowpref, lzcnt, ht, tsc, tscinvbit, bmi1, bmi2, adx

Memory: 4k page, physical 8258212k(2855120k free), swap 9700004k(2181228k free)

vm_info: OpenJDK 64-Bit Server VM (25.265-b01) for windows-amd64 JRE (1.8.0_265-b01), built on Jul 28 2020 15:11:27 by "jenkins" with MS VC++ 12.0 (VS2013)

time: Tue Oct 27 16:52:42 2020
timezone: Hora estándar de Argentina
elapsed time: 4 seconds (0d 0h 0m 4s)

